Build started 2014-06-10 18:41:20.
     1>Project "D:\POBR\Projekt\szkielet_VS2012\szkielet_VS2012\TescoDetection\DIBLOOK.vcxproj" on node 2 (Build target(s)).
       Project file contains ToolsVersion="12.0". This toolset is unknown or missing. You may be able to resolve this by installing the appropriate .NET Framework for this toolset. Treating the project as if it had ToolsVersion="4.0".
     1>ClCompile:
         C:\Program Files (x86)\Microsoft Visual Studio 11.0\VC\bin\CL.exe /c /ZI /nologo /W3 /WX- /Od /Oy- /D WIN32 /D _DEBUG /D _WINDOWS /D _MBCS /D _AFXDLL /Gm- /EHsc /MDd /GS /fp:precise /Zc:wchar_t /Zc:forScope /Yc"Stdafx.h" /Fp".\Debug/DIBLOOK.pch" /Fo".\Debug/" /Fd".\Debug/vc110.pdb" /FR".\Debug/" /Gd /TP /analyze- /errorReport:prompt stdafx.cpp
         stdafx.cpp
         _WIN32_WINNT not defined. Defaulting to _WIN32_WINNT_MAXVER (see WinSDKVer.h)
         C:\Program Files (x86)\Microsoft Visual Studio 11.0\VC\bin\CL.exe /c /ZI /nologo /W3 /WX- /Od /Oy- /D WIN32 /D _DEBUG /D _WINDOWS /D _MBCS /D _AFXDLL /Gm- /EHsc /MDd /GS /fp:precise /Zc:wchar_t /Zc:forScope /Yu"Stdafx.h" /Fp".\Debug/DIBLOOK.pch" /Fo".\Debug/" /Fd".\Debug/vc110.pdb" /FR".\Debug/" /Gd /TP /analyze- /errorReport:prompt dibapi.cpp dibdoc.cpp diblook.cpp dibview.cpp mainfrm.cpp myfile.cpp Object.cpp OutDoc.cpp parametr.cpp
         dibapi.cpp
         dibdoc.cpp
     1>d:\pobr\projekt\szkielet_vs2012\szkielet_vs2012\tescodetection\dibdoc.cpp(391): warning C4018: '<' : signed/unsigned mismatch
     1>d:\pobr\projekt\szkielet_vs2012\szkielet_vs2012\tescodetection\dibdoc.cpp(397): warning C4018: '<' : signed/unsigned mismatch
     1>d:\pobr\projekt\szkielet_vs2012\szkielet_vs2012\tescodetection\dibdoc.cpp(407): warning C4018: '<' : signed/unsigned mismatch
     1>d:\pobr\projekt\szkielet_vs2012\szkielet_vs2012\tescodetection\dibdoc.cpp(417): warning C4018: '<' : signed/unsigned mismatch
     1>d:\pobr\projekt\szkielet_vs2012\szkielet_vs2012\tescodetection\dibdoc.cpp(427): warning C4018: '<' : signed/unsigned mismatch
     1>d:\pobr\projekt\szkielet_vs2012\szkielet_vs2012\tescodetection\dibdoc.cpp(522): warning C4018: '<' : signed/unsigned mismatch
     1>d:\pobr\projekt\szkielet_vs2012\szkielet_vs2012\tescodetection\dibdoc.cpp(528): warning C4018: '<' : signed/unsigned mismatch
     1>d:\pobr\projekt\szkielet_vs2012\szkielet_vs2012\tescodetection\dibdoc.cpp(532): warning C4244: 'initializing' : conversion from 'double' to 'int', possible loss of data
     1>d:\pobr\projekt\szkielet_vs2012\szkielet_vs2012\tescodetection\dibdoc.cpp(537): warning C4018: '<' : signed/unsigned mismatch
     1>d:\pobr\projekt\szkielet_vs2012\szkielet_vs2012\tescodetection\dibdoc.cpp(541): warning C4244: 'initializing' : conversion from 'double' to 'int', possible loss of data
     1>d:\pobr\projekt\szkielet_vs2012\szkielet_vs2012\tescodetection\dibdoc.cpp(545): warning C4018: '<' : signed/unsigned mismatch
     1>d:\pobr\projekt\szkielet_vs2012\szkielet_vs2012\tescodetection\dibdoc.cpp(549): warning C4244: 'initializing' : conversion from 'double' to 'int', possible loss of data
     1>d:\pobr\projekt\szkielet_vs2012\szkielet_vs2012\tescodetection\dibdoc.cpp(553): warning C4018: '<' : signed/unsigned mismatch
     1>d:\pobr\projekt\szkielet_vs2012\szkielet_vs2012\tescodetection\dibdoc.cpp(557): warning C4244: 'initializing' : conversion from 'double' to 'int', possible loss of data
     1>d:\pobr\projekt\szkielet_vs2012\szkielet_vs2012\tescodetection\dibdoc.cpp(898): warning C4244: '=' : conversion from 'short' to 'BYTE', possible loss of data
     1>d:\pobr\projekt\szkielet_vs2012\szkielet_vs2012\tescodetection\dibdoc.cpp(899): warning C4244: '=' : conversion from 'short' to 'BYTE', possible loss of data
     1>d:\pobr\projekt\szkielet_vs2012\szkielet_vs2012\tescodetection\dibdoc.cpp(900): warning C4244: '=' : conversion from 'short' to 'BYTE', possible loss of data
     1>d:\pobr\projekt\szkielet_vs2012\szkielet_vs2012\tescodetection\dibdoc.cpp(1221): warning C4244: 'initializing' : conversion from 'double' to 'int', possible loss of data
         diblook.cpp
     1>d:\pobr\projekt\szkielet_vs2012\szkielet_vs2012\tescodetection\diblook.cpp(63): warning C4996: 'CWinApp::Enable3dControls': CWinApp::Enable3dControls is no longer needed. You should remove this call.
                 c:\program files (x86)\microsoft visual studio 11.0\vc\atlmfc\include\afxwin.h(5361) : see declaration of 'CWinApp::Enable3dControls'
         dibview.cpp
         mainfrm.cpp
         myfile.cpp
     1>d:\pobr\projekt\szkielet_vs2012\szkielet_vs2012\tescodetection\myfile.cpp(212): warning C4244: '=' : conversion from 'ULONGLONG' to 'DWORD', possible loss of data
         Object.cpp
         OutDoc.cpp
         parametr.cpp
         Generating Code...
       ResourceCompile:
         C:\Program Files (x86)\Windows Kits\8.0\bin\x86\rc.exe /D _DEBUG /D _AFXDLL /l"0x0409" /nologo /fo".\Debug\diblook.res" diblook.rc 
       Link:
         C:\Program Files (x86)\Microsoft Visual Studio 11.0\VC\bin\link.exe /ERRORREPORT:PROMPT /OUT:".\Debug/DIBLOOK.exe" /INCREMENTAL:NO /NOLOGO /MANIFEST /MANIFESTUAC:"level='asInvoker' uiAccess='false'" /manifest:embed /manifestinput:"C:\Program Files (x86)\Microsoft Visual Studio 11.0\VC\Include\Manifest\dpiaware.manifest" /DEBUG /PDB:".\Debug/DIBLOOK.pdb" /SUBSYSTEM:WINDOWS /TLBID:1 /DYNAMICBASE /NXCOMPAT /IMPLIB:".\Debug\DIBLOOK.lib" /MACHINE:X86 /SAFESEH .\Debug\diblook.res
         .\Debug/dibapi.obj
         .\Debug/dibdoc.obj
         .\Debug/diblook.obj
         .\Debug/dibview.obj
         .\Debug/mainfrm.obj
         .\Debug/myfile.obj
         .\Debug/Object.obj
         .\Debug/OutDoc.obj
         .\Debug/parametr.obj
         .\Debug/stdafx.obj
     1>dibapi.obj : warning LNK4075: ignoring '/EDITANDCONTINUE' due to '/OPT:LBR' specification
         DIBLOOK.vcxproj -> D:\POBR\Projekt\szkielet_VS2012\szkielet_VS2012\TescoDetection\.\Debug\DIBLOOK.exe
       BscMake:
         C:\Program Files (x86)\Microsoft Visual Studio 11.0\VC\bin\bscmake.exe /nologo /o".\Debug\DIBLOOK.bsc" .\Debug/dibapi.sbr .\Debug/dibdoc.sbr .\Debug/diblook.sbr .\Debug/dibview.sbr .\Debug/mainfrm.sbr .\Debug/myfile.sbr .\Debug/Object.sbr .\Debug/OutDoc.sbr .\Debug/parametr.sbr .\Debug/stdafx.sbr
     1>Done Building Project "D:\POBR\Projekt\szkielet_VS2012\szkielet_VS2012\TescoDetection\DIBLOOK.vcxproj" (Build target(s)).

Build succeeded.

Time Elapsed 00:00:27.38
