D:\POBR\PROJEKT\SZKIELET_VS2012\SZKIELET_VS2012\DEBUG\DIBLOOK.BSC
D:\POBR\PROJEKT\SZKIELET_VS2012\SZKIELET_VS2012\DEBUG\DIBLOOK.PCH
D:\POBR\PROJEKT\SZKIELET_VS2012\SZKIELET_VS2012\DEBUG\STDAFX.SBR
D:\POBR\PROJEKT\SZKIELET_VS2012\SZKIELET_VS2012\DEBUG\STDAFX.OBJ
D:\POBR\PROJEKT\SZKIELET_VS2012\SZKIELET_VS2012\DEBUG\VC110.PDB
D:\POBR\PROJEKT\SZKIELET_VS2012\SZKIELET_VS2012\DEBUG\DIBAPI.SBR
D:\POBR\PROJEKT\SZKIELET_VS2012\SZKIELET_VS2012\DEBUG\DIBDOC.SBR
D:\POBR\PROJEKT\SZKIELET_VS2012\SZKIELET_VS2012\DEBUG\DIBLOOK.SBR
D:\POBR\PROJEKT\SZKIELET_VS2012\SZKIELET_VS2012\DEBUG\DIBVIEW.SBR
D:\POBR\PROJEKT\SZKIELET_VS2012\SZKIELET_VS2012\DEBUG\MAINFRM.SBR
D:\POBR\PROJEKT\SZKIELET_VS2012\SZKIELET_VS2012\DEBUG\MYFILE.SBR
D:\POBR\PROJEKT\SZKIELET_VS2012\SZKIELET_VS2012\DEBUG\OBJECT.SBR
D:\POBR\PROJEKT\SZKIELET_VS2012\SZKIELET_VS2012\DEBUG\OUTDOC.SBR
D:\POBR\PROJEKT\SZKIELET_VS2012\SZKIELET_VS2012\DEBUG\PARAMETR.SBR
D:\POBR\PROJEKT\SZKIELET_VS2012\SZKIELET_VS2012\DEBUG\PARAMETR.OBJ
D:\POBR\PROJEKT\SZKIELET_VS2012\SZKIELET_VS2012\DEBUG\OUTDOC.OBJ
D:\POBR\PROJEKT\SZKIELET_VS2012\SZKIELET_VS2012\DEBUG\OBJECT.OBJ
D:\POBR\PROJEKT\SZKIELET_VS2012\SZKIELET_VS2012\DEBUG\MYFILE.OBJ
D:\POBR\PROJEKT\SZKIELET_VS2012\SZKIELET_VS2012\DEBUG\MAINFRM.OBJ
D:\POBR\PROJEKT\SZKIELET_VS2012\SZKIELET_VS2012\DEBUG\DIBVIEW.OBJ
D:\POBR\PROJEKT\SZKIELET_VS2012\SZKIELET_VS2012\DEBUG\DIBLOOK.OBJ
D:\POBR\PROJEKT\SZKIELET_VS2012\SZKIELET_VS2012\DEBUG\DIBDOC.OBJ
D:\POBR\PROJEKT\SZKIELET_VS2012\SZKIELET_VS2012\DEBUG\DIBAPI.OBJ
D:\POBR\PROJEKT\SZKIELET_VS2012\SZKIELET_VS2012\DEBUG\DIBLOOK.EXE
D:\POBR\PROJEKT\SZKIELET_VS2012\SZKIELET_VS2012\DEBUG\DIBLOOK.PDB
D:\POBR\PROJEKT\SZKIELET_VS2012\SZKIELET_VS2012\DEBUG\DIBLOOK.RES
D:\POBR\Projekt\szkielet_VS2012\szkielet_VS2012\Debug\dibapi.obj
D:\POBR\Projekt\szkielet_VS2012\szkielet_VS2012\Debug\dibdoc.obj
D:\POBR\Projekt\szkielet_VS2012\szkielet_VS2012\Debug\diblook.obj
D:\POBR\Projekt\szkielet_VS2012\szkielet_VS2012\Debug\dibview.obj
D:\POBR\Projekt\szkielet_VS2012\szkielet_VS2012\Debug\mainfrm.obj
D:\POBR\Projekt\szkielet_VS2012\szkielet_VS2012\Debug\myfile.obj
D:\POBR\Projekt\szkielet_VS2012\szkielet_VS2012\Debug\Object.obj
D:\POBR\Projekt\szkielet_VS2012\szkielet_VS2012\Debug\OutDoc.obj
D:\POBR\Projekt\szkielet_VS2012\szkielet_VS2012\Debug\parametr.obj
D:\POBR\Projekt\szkielet_VS2012\szkielet_VS2012\Debug\stdafx.obj
D:\POBR\Projekt\szkielet_VS2012\szkielet_VS2012\Debug\BscMake.command.1.tlog
D:\POBR\Projekt\szkielet_VS2012\szkielet_VS2012\Debug\bscmake.read.1.tlog
D:\POBR\Projekt\szkielet_VS2012\szkielet_VS2012\Debug\bscmake.write.1.tlog
D:\POBR\Projekt\szkielet_VS2012\szkielet_VS2012\Debug\cl.command.1.tlog
D:\POBR\Projekt\szkielet_VS2012\szkielet_VS2012\Debug\CL.read.1.tlog
D:\POBR\Projekt\szkielet_VS2012\szkielet_VS2012\Debug\CL.write.1.tlog
D:\POBR\Projekt\szkielet_VS2012\szkielet_VS2012\Debug\link-cvtres.read.1.tlog
D:\POBR\Projekt\szkielet_VS2012\szkielet_VS2012\Debug\link-cvtres.write.1.tlog
D:\POBR\Projekt\szkielet_VS2012\szkielet_VS2012\Debug\link-mt.read.1.tlog
D:\POBR\Projekt\szkielet_VS2012\szkielet_VS2012\Debug\link-mt.write.1.tlog
D:\POBR\Projekt\szkielet_VS2012\szkielet_VS2012\Debug\link-rc.read.1.tlog
D:\POBR\Projekt\szkielet_VS2012\szkielet_VS2012\Debug\link-rc.write.1.tlog
D:\POBR\Projekt\szkielet_VS2012\szkielet_VS2012\Debug\link.command.1.tlog
D:\POBR\Projekt\szkielet_VS2012\szkielet_VS2012\Debug\link.read.1.tlog
D:\POBR\Projekt\szkielet_VS2012\szkielet_VS2012\Debug\link.write.1.tlog
D:\POBR\Projekt\szkielet_VS2012\szkielet_VS2012\Debug\rc.command.1.tlog
D:\POBR\Projekt\szkielet_VS2012\szkielet_VS2012\Debug\rc.read.1.tlog
D:\POBR\Projekt\szkielet_VS2012\szkielet_VS2012\Debug\rc.write.1.tlog
D:\POBR\Projekt\szkielet_VS2012\szkielet_VS2012\Debug\diblook.res
D:\POBR\Projekt\szkielet_VS2012\szkielet_VS2012\Debug\DIBLOOK.pch
D:\POBR\Projekt\szkielet_VS2012\szkielet_VS2012\Debug\vc110.idb
D:\POBR\Projekt\szkielet_VS2012\szkielet_VS2012\Debug\DIBLOOK.pdb
D:\POBR\Projekt\szkielet_VS2012\szkielet_VS2012\Debug\vc110.pdb
D:\POBR\Projekt\szkielet_VS2012\szkielet_VS2012\Debug\DIBLOOK.bsc
D:\POBR\Projekt\szkielet_VS2012\szkielet_VS2012\Debug\dibapi.sbr
D:\POBR\Projekt\szkielet_VS2012\szkielet_VS2012\Debug\dibdoc.sbr
D:\POBR\Projekt\szkielet_VS2012\szkielet_VS2012\Debug\diblook.sbr
D:\POBR\Projekt\szkielet_VS2012\szkielet_VS2012\Debug\dibview.sbr
D:\POBR\Projekt\szkielet_VS2012\szkielet_VS2012\Debug\mainfrm.sbr
D:\POBR\Projekt\szkielet_VS2012\szkielet_VS2012\Debug\myfile.sbr
D:\POBR\Projekt\szkielet_VS2012\szkielet_VS2012\Debug\Object.sbr
D:\POBR\Projekt\szkielet_VS2012\szkielet_VS2012\Debug\OutDoc.sbr
D:\POBR\Projekt\szkielet_VS2012\szkielet_VS2012\Debug\parametr.sbr
D:\POBR\Projekt\szkielet_VS2012\szkielet_VS2012\Debug\stdafx.sbr
D:\POBR\Projekt\szkielet_VS2012\szkielet_VS2012\.\Debug\DIBLOOK.exe
